  Bullets.cpp
c:\users\a_evi\desktop\c02403-shootygame\Weapons.h(34): warning C4244: 'argument': conversion from 'int' to 'const float', possible loss of data
c:\users\a_evi\desktop\c02403-shootygame\Weapons.h(44): warning C4244: 'argument': conversion from 'const int' to 'float', possible loss of data
c:\users\a_evi\desktop\c02403-shootygame\Weapons.h(55): warning C4244: 'argument': conversion from 'int' to 'const float', possible loss of data
c:\users\a_evi\desktop\c02403-shootygame\Weapons.h(65): warning C4244: 'argument': conversion from 'const int' to 'float', possible loss of data
c:\users\a_evi\desktop\c02403-shootygame\Weapons.h(77): warning C4244: 'argument': conversion from 'int' to 'const float', possible loss of data
c:\users\a_evi\desktop\c02403-shootygame\Weapons.h(86): warning C4244: 'argument': conversion from 'const int' to 'float', possible loss of data
c:\users\a_evi\desktop\c02403-shootygame\Weapons.h(97): warning C4244: 'argument': conversion from 'int' to 'const float', possible loss of data
c:\users\a_evi\desktop\c02403-shootygame\Weapons.h(115): warning C4244: 'argument': conversion from 'int' to 'const float', possible loss of data
c:\users\a_evi\desktop\c02403-shootygame\Weapons.h(124): warning C4244: 'argument': conversion from 'const int' to 'float', possible loss of data
c:\users\a_evi\desktop\c02403-shootygame\Weapons.h(135): warning C4244: 'argument': conversion from 'int' to 'const float', possible loss of data
c:\users\a_evi\desktop\c02403-shootygame\Weapons.h(144): warning C4244: 'argument': conversion from 'const int' to 'float', possible loss of data
c:\users\a_evi\desktop\c02403-shootygame\Weapons.h(155): warning C4244: 'argument': conversion from 'int' to 'const float', possible loss of data
c:\users\a_evi\desktop\c02403-shootygame\Weapons.h(164): warning C4244: 'argument': conversion from 'const int' to 'float', possible loss of data
  C02403 project.cpp
c:\users\a_evi\desktop\c02403-shootygame\Weapons.h(34): warning C4244: 'argument': conversion from 'int' to 'const float', possible loss of data
c:\users\a_evi\desktop\c02403-shootygame\Weapons.h(44): warning C4244: 'argument': conversion from 'const int' to 'float', possible loss of data
c:\users\a_evi\desktop\c02403-shootygame\Weapons.h(55): warning C4244: 'argument': conversion from 'int' to 'const float', possible loss of data
c:\users\a_evi\desktop\c02403-shootygame\Weapons.h(65): warning C4244: 'argument': conversion from 'const int' to 'float', possible loss of data
c:\users\a_evi\desktop\c02403-shootygame\Weapons.h(77): warning C4244: 'argument': conversion from 'int' to 'const float', possible loss of data
c:\users\a_evi\desktop\c02403-shootygame\Weapons.h(86): warning C4244: 'argument': conversion from 'const int' to 'float', possible loss of data
c:\users\a_evi\desktop\c02403-shootygame\Weapons.h(97): warning C4244: 'argument': conversion from 'int' to 'const float', possible loss of data
c:\users\a_evi\desktop\c02403-shootygame\Weapons.h(115): warning C4244: 'argument': conversion from 'int' to 'const float', possible loss of data
c:\users\a_evi\desktop\c02403-shootygame\Weapons.h(124): warning C4244: 'argument': conversion from 'const int' to 'float', possible loss of data
c:\users\a_evi\desktop\c02403-shootygame\Weapons.h(135): warning C4244: 'argument': conversion from 'int' to 'const float', possible loss of data
c:\users\a_evi\desktop\c02403-shootygame\Weapons.h(144): warning C4244: 'argument': conversion from 'const int' to 'float', possible loss of data
c:\users\a_evi\desktop\c02403-shootygame\Weapons.h(155): warning C4244: 'argument': conversion from 'int' to 'const float', possible loss of data
c:\users\a_evi\desktop\c02403-shootygame\Weapons.h(164): warning C4244: 'argument': conversion from 'const int' to 'float', possible loss of data
C02403 project.cpp(106): warning C4244: 'argument': conversion from 'int' to 'const float', possible loss of data
C02403 project.cpp(107): warning C4244: 'argument': conversion from 'int' to 'const float', possible loss of data
C02403 project.cpp(111): warning C4244: 'argument': conversion from 'int' to 'const float', possible loss of data
C02403 project.cpp(112): warning C4244: 'argument': conversion from 'int' to 'const float', possible loss of data
C02403 project.cpp(113): warning C4244: 'argument': conversion from 'int' to 'const float', possible loss of data
C02403 project.cpp(315): warning C4244: 'argument': conversion from 'int' to 'float', possible loss of data
C02403 project.cpp(316): warning C4244: 'argument': conversion from 'int' to 'float', possible loss of data
C02403 project.cpp(338): warning C4244: '=': conversion from 'int' to 'float', possible loss of data
C02403 project.cpp(343): warning C4244: 'argument': conversion from 'int' to 'float', possible loss of data
C02403 project.cpp(344): warning C4244: 'argument': conversion from 'int' to 'float', possible loss of data
C02403 project.cpp(345): warning C4244: 'argument': conversion from 'int' to 'float', possible loss of data
C02403 project.cpp(349): warning C4244: 'argument': conversion from 'int' to 'float', possible loss of data
C02403 project.cpp(350): warning C4244: 'argument': conversion from 'int' to 'float', possible loss of data
C02403 project.cpp(354): warning C4244: 'argument': conversion from 'int' to 'float', possible loss of data
C02403 project.cpp(355): warning C4244: 'argument': conversion from 'int' to 'float', possible loss of data
C02403 project.cpp(356): warning C4244: 'argument': conversion from 'int' to 'float', possible loss of data
C02403 project.cpp(359): warning C4244: '=': conversion from 'int' to 'float', possible loss of data
C02403 project.cpp(360): warning C4244: '=': conversion from 'int' to 'float', possible loss of data
C02403 project.cpp(476): warning C4244: 'argument': conversion from 'int' to 'const float', possible loss of data
C02403 project.cpp(128): warning C4101: 'particle': unreferenced local variable
C02403 project.cpp(830): warning C4244: 'argument': conversion from 'const int' to 'float', possible loss of data
C02403 project.cpp(834): warning C4244: 'argument': conversion from 'const int' to 'float', possible loss of data
C02403 project.cpp(838): warning C4244: 'argument': conversion from 'const int' to 'float', possible loss of data
C02403 project.cpp(842): warning C4244: 'argument': conversion from 'const int' to 'float', possible loss of data
C02403 project.cpp(846): warning C4244: 'argument': conversion from 'const int' to 'float', possible loss of data
  ModelCreation.cpp
ModelCreation.cpp(99): warning C4244: 'argument': conversion from 'int' to 'const float', possible loss of data
  Collisions.cpp
c:\users\a_evi\desktop\c02403-shootygame\Weapons.h(34): warning C4244: 'argument': conversion from 'int' to 'const float', possible loss of data
c:\users\a_evi\desktop\c02403-shootygame\Weapons.h(44): warning C4244: 'argument': conversion from 'const int' to 'float', possible loss of data
c:\users\a_evi\desktop\c02403-shootygame\Weapons.h(55): warning C4244: 'argument': conversion from 'int' to 'const float', possible loss of data
c:\users\a_evi\desktop\c02403-shootygame\Weapons.h(65): warning C4244: 'argument': conversion from 'const int' to 'float', possible loss of data
c:\users\a_evi\desktop\c02403-shootygame\Weapons.h(77): warning C4244: 'argument': conversion from 'int' to 'const float', possible loss of data
c:\users\a_evi\desktop\c02403-shootygame\Weapons.h(86): warning C4244: 'argument': conversion from 'const int' to 'float', possible loss of data
c:\users\a_evi\desktop\c02403-shootygame\Weapons.h(97): warning C4244: 'argument': conversion from 'int' to 'const float', possible loss of data
c:\users\a_evi\desktop\c02403-shootygame\Weapons.h(115): warning C4244: 'argument': conversion from 'int' to 'const float', possible loss of data
c:\users\a_evi\desktop\c02403-shootygame\Weapons.h(124): warning C4244: 'argument': conversion from 'const int' to 'float', possible loss of data
c:\users\a_evi\desktop\c02403-shootygame\Weapons.h(135): warning C4244: 'argument': conversion from 'int' to 'const float', possible loss of data
c:\users\a_evi\desktop\c02403-shootygame\Weapons.h(144): warning C4244: 'argument': conversion from 'const int' to 'float', possible loss of data
c:\users\a_evi\desktop\c02403-shootygame\Weapons.h(155): warning C4244: 'argument': conversion from 'int' to 'const float', possible loss of data
c:\users\a_evi\desktop\c02403-shootygame\Weapons.h(164): warning C4244: 'argument': conversion from 'const int' to 'float', possible loss of data
  Targets.cpp
  Weapons.cpp
c:\users\a_evi\desktop\c02403-shootygame\Weapons.h(34): warning C4244: 'argument': conversion from 'int' to 'const float', possible loss of data
c:\users\a_evi\desktop\c02403-shootygame\Weapons.h(44): warning C4244: 'argument': conversion from 'const int' to 'float', possible loss of data
c:\users\a_evi\desktop\c02403-shootygame\Weapons.h(55): warning C4244: 'argument': conversion from 'int' to 'const float', possible loss of data
c:\users\a_evi\desktop\c02403-shootygame\Weapons.h(65): warning C4244: 'argument': conversion from 'const int' to 'float', possible loss of data
c:\users\a_evi\desktop\c02403-shootygame\Weapons.h(77): warning C4244: 'argument': conversion from 'int' to 'const float', possible loss of data
c:\users\a_evi\desktop\c02403-shootygame\Weapons.h(86): warning C4244: 'argument': conversion from 'const int' to 'float', possible loss of data
c:\users\a_evi\desktop\c02403-shootygame\Weapons.h(97): warning C4244: 'argument': conversion from 'int' to 'const float', possible loss of data
c:\users\a_evi\desktop\c02403-shootygame\Weapons.h(115): warning C4244: 'argument': conversion from 'int' to 'const float', possible loss of data
c:\users\a_evi\desktop\c02403-shootygame\Weapons.h(124): warning C4244: 'argument': conversion from 'const int' to 'float', possible loss of data
c:\users\a_evi\desktop\c02403-shootygame\Weapons.h(135): warning C4244: 'argument': conversion from 'int' to 'const float', possible loss of data
c:\users\a_evi\desktop\c02403-shootygame\Weapons.h(144): warning C4244: 'argument': conversion from 'const int' to 'float', possible loss of data
c:\users\a_evi\desktop\c02403-shootygame\Weapons.h(155): warning C4244: 'argument': conversion from 'int' to 'const float', possible loss of data
c:\users\a_evi\desktop\c02403-shootygame\Weapons.h(164): warning C4244: 'argument': conversion from 'const int' to 'float', possible loss of data
LINK : fatal error LNK1181: cannot open input file 'TL-Engine2017.lib'
